D:\aspnetcore\Section 29 JWT & Web API Authentication\CitiesManagerSolution\CitiesManager.WebAPI\ClientApp\CitiesAngularApp\dist\out-tsc\src\app\models\register-user.js
D:\aspnetcore\Section 29 JWT & Web API Authentication\CitiesManagerSolution\CitiesManager.WebAPI\ClientApp\CitiesAngularApp\dist\out-tsc\src\app\models\register-user.js.map
D:\aspnetcore\Section 29 JWT & Web API Authentication\CitiesManagerSolution\CitiesManager.WebAPI\ClientApp\CitiesAngularApp\dist\out-tsc\src\app\models\login-user.js
D:\aspnetcore\Section 29 JWT & Web API Authentication\CitiesManagerSolution\CitiesManager.WebAPI\ClientApp\CitiesAngularApp\dist\out-tsc\src\app\models\login-user.js.map
D:\aspnetcore\Section 29 JWT & Web API Authentication\CitiesManagerSolution\CitiesManager.WebAPI\ClientApp\CitiesAngularApp\dist\out-tsc\src\app\services\account.service.js
D:\aspnetcore\Section 29 JWT & Web API Authentication\CitiesManagerSolution\CitiesManager.WebAPI\ClientApp\CitiesAngularApp\dist\out-tsc\src\app\services\account.service.js.map
D:\aspnetcore\Section 29 JWT & Web API Authentication\CitiesManagerSolution\CitiesManager.WebAPI\ClientApp\CitiesAngularApp\dist\out-tsc\src\app\app.component.js
D:\aspnetcore\Section 29 JWT & Web API Authentication\CitiesManagerSolution\CitiesManager.WebAPI\ClientApp\CitiesAngularApp\dist\out-tsc\src\app\app.component.js.map
D:\aspnetcore\Section 29 JWT & Web API Authentication\CitiesManagerSolution\CitiesManager.WebAPI\ClientApp\CitiesAngularApp\dist\out-tsc\src\app\models\city.js
D:\aspnetcore\Section 29 JWT & Web API Authentication\CitiesManagerSolution\CitiesManager.WebAPI\ClientApp\CitiesAngularApp\dist\out-tsc\src\app\models\city.js.map
D:\aspnetcore\Section 29 JWT & Web API Authentication\CitiesManagerSolution\CitiesManager.WebAPI\ClientApp\CitiesAngularApp\dist\out-tsc\src\app\services\cities.service.js
D:\aspnetcore\Section 29 JWT & Web API Authentication\CitiesManagerSolution\CitiesManager.WebAPI\ClientApp\CitiesAngularApp\dist\out-tsc\src\app\services\cities.service.js.map
D:\aspnetcore\Section 29 JWT & Web API Authentication\CitiesManagerSolution\CitiesManager.WebAPI\ClientApp\CitiesAngularApp\dist\out-tsc\src\app\directives\disable-control.directive.js
D:\aspnetcore\Section 29 JWT & Web API Authentication\CitiesManagerSolution\CitiesManager.WebAPI\ClientApp\CitiesAngularApp\dist\out-tsc\src\app\directives\disable-control.directive.js.map
D:\aspnetcore\Section 29 JWT & Web API Authentication\CitiesManagerSolution\CitiesManager.WebAPI\ClientApp\CitiesAngularApp\dist\out-tsc\src\app\cities\cities.component.js
D:\aspnetcore\Section 29 JWT & Web API Authentication\CitiesManagerSolution\CitiesManager.WebAPI\ClientApp\CitiesAngularApp\dist\out-tsc\src\app\cities\cities.component.js.map
D:\aspnetcore\Section 29 JWT & Web API Authentication\CitiesManagerSolution\CitiesManager.WebAPI\ClientApp\CitiesAngularApp\dist\out-tsc\src\app\validators\custom-validators.js
D:\aspnetcore\Section 29 JWT & Web API Authentication\CitiesManagerSolution\CitiesManager.WebAPI\ClientApp\CitiesAngularApp\dist\out-tsc\src\app\validators\custom-validators.js.map
D:\aspnetcore\Section 29 JWT & Web API Authentication\CitiesManagerSolution\CitiesManager.WebAPI\ClientApp\CitiesAngularApp\dist\out-tsc\src\app\register\register.component.js
D:\aspnetcore\Section 29 JWT & Web API Authentication\CitiesManagerSolution\CitiesManager.WebAPI\ClientApp\CitiesAngularApp\dist\out-tsc\src\app\register\register.component.js.map
D:\aspnetcore\Section 29 JWT & Web API Authentication\CitiesManagerSolution\CitiesManager.WebAPI\ClientApp\CitiesAngularApp\dist\out-tsc\src\app\login\login.component.js
D:\aspnetcore\Section 29 JWT & Web API Authentication\CitiesManagerSolution\CitiesManager.WebAPI\ClientApp\CitiesAngularApp\dist\out-tsc\src\app\login\login.component.js.map
D:\aspnetcore\Section 29 JWT & Web API Authentication\CitiesManagerSolution\CitiesManager.WebAPI\ClientApp\CitiesAngularApp\dist\out-tsc\src\app\app.routes.js
D:\aspnetcore\Section 29 JWT & Web API Authentication\CitiesManagerSolution\CitiesManager.WebAPI\ClientApp\CitiesAngularApp\dist\out-tsc\src\app\app.routes.js.map
D:\aspnetcore\Section 29 JWT & Web API Authentication\CitiesManagerSolution\CitiesManager.WebAPI\ClientApp\CitiesAngularApp\dist\out-tsc\src\app\app.config.js
D:\aspnetcore\Section 29 JWT & Web API Authentication\CitiesManagerSolution\CitiesManager.WebAPI\ClientApp\CitiesAngularApp\dist\out-tsc\src\app\app.config.js.map
D:\aspnetcore\Section 29 JWT & Web API Authentication\CitiesManagerSolution\CitiesManager.WebAPI\ClientApp\CitiesAngularApp\dist\out-tsc\src\app\app.config.server.js
D:\aspnetcore\Section 29 JWT & Web API Authentication\CitiesManagerSolution\CitiesManager.WebAPI\ClientApp\CitiesAngularApp\dist\out-tsc\src\app\app.config.server.js.map
D:\aspnetcore\Section 29 JWT & Web API Authentication\CitiesManagerSolution\CitiesManager.WebAPI\ClientApp\CitiesAngularApp\dist\out-tsc\src\main.server.js
D:\aspnetcore\Section 29 JWT & Web API Authentication\CitiesManagerSolution\CitiesManager.WebAPI\ClientApp\CitiesAngularApp\dist\out-tsc\src\main.server.js.map
D:\aspnetcore\Section 29 JWT & Web API Authentication\CitiesManagerSolution\CitiesManager.WebAPI\ClientApp\CitiesAngularApp\dist\out-tsc\server.js
D:\aspnetcore\Section 29 JWT & Web API Authentication\CitiesManagerSolution\CitiesManager.WebAPI\ClientApp\CitiesAngularApp\dist\out-tsc\server.js.map
D:\aspnetcore\Section 29 JWT & Web API Authentication\CitiesManagerSolution\CitiesManager.WebAPI\ClientApp\CitiesAngularApp\dist\out-tsc\src\main.js
D:\aspnetcore\Section 29 JWT & Web API Authentication\CitiesManagerSolution\CitiesManager.WebAPI\ClientApp\CitiesAngularApp\dist\out-tsc\src\main.js.map
D:\aspnetcore\Section 29 JWT & Web API Authentication\CitiesManagerSolution\CitiesManager.WebAPI\ClientApp\CitiesAngularApp\dist\out-tsc\src\app\app.component.spec.js
D:\aspnetcore\Section 29 JWT & Web API Authentication\CitiesManagerSolution\CitiesManager.WebAPI\ClientApp\CitiesAngularApp\dist\out-tsc\src\app\app.component.spec.js.map
D:\aspnetcore\Section 29 JWT & Web API Authentication\CitiesManagerSolution\CitiesManager.WebAPI\ClientApp\CitiesAngularApp\dist\out-tsc\src\app\cities\cities.component.spec.js
D:\aspnetcore\Section 29 JWT & Web API Authentication\CitiesManagerSolution\CitiesManager.WebAPI\ClientApp\CitiesAngularApp\dist\out-tsc\src\app\cities\cities.component.spec.js.map
D:\aspnetcore\Section 29 JWT & Web API Authentication\CitiesManagerSolution\CitiesManager.WebAPI\ClientApp\CitiesAngularApp\dist\out-tsc\src\app\directives\disable-control.directive.spec.js
D:\aspnetcore\Section 29 JWT & Web API Authentication\CitiesManagerSolution\CitiesManager.WebAPI\ClientApp\CitiesAngularApp\dist\out-tsc\src\app\directives\disable-control.directive.spec.js.map
D:\aspnetcore\Section 29 JWT & Web API Authentication\CitiesManagerSolution\CitiesManager.WebAPI\ClientApp\CitiesAngularApp\dist\out-tsc\src\app\login\login.component.spec.js
D:\aspnetcore\Section 29 JWT & Web API Authentication\CitiesManagerSolution\CitiesManager.WebAPI\ClientApp\CitiesAngularApp\dist\out-tsc\src\app\login\login.component.spec.js.map
D:\aspnetcore\Section 29 JWT & Web API Authentication\CitiesManagerSolution\CitiesManager.WebAPI\ClientApp\CitiesAngularApp\dist\out-tsc\src\app\models\city.spec.js
D:\aspnetcore\Section 29 JWT & Web API Authentication\CitiesManagerSolution\CitiesManager.WebAPI\ClientApp\CitiesAngularApp\dist\out-tsc\src\app\models\city.spec.js.map
D:\aspnetcore\Section 29 JWT & Web API Authentication\CitiesManagerSolution\CitiesManager.WebAPI\ClientApp\CitiesAngularApp\dist\out-tsc\src\app\models\login-user.spec.js
D:\aspnetcore\Section 29 JWT & Web API Authentication\CitiesManagerSolution\CitiesManager.WebAPI\ClientApp\CitiesAngularApp\dist\out-tsc\src\app\models\login-user.spec.js.map
D:\aspnetcore\Section 29 JWT & Web API Authentication\CitiesManagerSolution\CitiesManager.WebAPI\ClientApp\CitiesAngularApp\dist\out-tsc\src\app\models\register-user.spec.js
D:\aspnetcore\Section 29 JWT & Web API Authentication\CitiesManagerSolution\CitiesManager.WebAPI\ClientApp\CitiesAngularApp\dist\out-tsc\src\app\models\register-user.spec.js.map
D:\aspnetcore\Section 29 JWT & Web API Authentication\CitiesManagerSolution\CitiesManager.WebAPI\ClientApp\CitiesAngularApp\dist\out-tsc\src\app\register\register.component.spec.js
D:\aspnetcore\Section 29 JWT & Web API Authentication\CitiesManagerSolution\CitiesManager.WebAPI\ClientApp\CitiesAngularApp\dist\out-tsc\src\app\register\register.component.spec.js.map
D:\aspnetcore\Section 29 JWT & Web API Authentication\CitiesManagerSolution\CitiesManager.WebAPI\ClientApp\CitiesAngularApp\dist\out-tsc\src\app\services\account.service.spec.js
D:\aspnetcore\Section 29 JWT & Web API Authentication\CitiesManagerSolution\CitiesManager.WebAPI\ClientApp\CitiesAngularApp\dist\out-tsc\src\app\services\account.service.spec.js.map
D:\aspnetcore\Section 29 JWT & Web API Authentication\CitiesManagerSolution\CitiesManager.WebAPI\ClientApp\CitiesAngularApp\dist\out-tsc\src\app\services\cities.service.spec.js
D:\aspnetcore\Section 29 JWT & Web API Authentication\CitiesManagerSolution\CitiesManager.WebAPI\ClientApp\CitiesAngularApp\dist\out-tsc\src\app\services\cities.service.spec.js.map
