D:\aspnetcore\Section 28 Angular and CORS\CitiesManagerSolution\CitiesManager.WebAPI\ClientApp\CitiesAngularApp\dist\out-tsc\src\app\app.component.js
D:\aspnetcore\Section 28 Angular and CORS\CitiesManagerSolution\CitiesManager.WebAPI\ClientApp\CitiesAngularApp\dist\out-tsc\src\app\app.component.js.map
D:\aspnetcore\Section 28 Angular and CORS\CitiesManagerSolution\CitiesManager.WebAPI\ClientApp\CitiesAngularApp\dist\out-tsc\src\app\models\city.js
D:\aspnetcore\Section 28 Angular and CORS\CitiesManagerSolution\CitiesManager.WebAPI\ClientApp\CitiesAngularApp\dist\out-tsc\src\app\models\city.js.map
D:\aspnetcore\Section 28 Angular and CORS\CitiesManagerSolution\CitiesManager.WebAPI\ClientApp\CitiesAngularApp\dist\out-tsc\src\app\services\cities.service.js
D:\aspnetcore\Section 28 Angular and CORS\CitiesManagerSolution\CitiesManager.WebAPI\ClientApp\CitiesAngularApp\dist\out-tsc\src\app\services\cities.service.js.map
D:\aspnetcore\Section 28 Angular and CORS\CitiesManagerSolution\CitiesManager.WebAPI\ClientApp\CitiesAngularApp\dist\out-tsc\src\app\directives\disable-control.directive.js
D:\aspnetcore\Section 28 Angular and CORS\CitiesManagerSolution\CitiesManager.WebAPI\ClientApp\CitiesAngularApp\dist\out-tsc\src\app\directives\disable-control.directive.js.map
D:\aspnetcore\Section 28 Angular and CORS\CitiesManagerSolution\CitiesManager.WebAPI\ClientApp\CitiesAngularApp\dist\out-tsc\src\app\cities\cities.component.js
D:\aspnetcore\Section 28 Angular and CORS\CitiesManagerSolution\CitiesManager.WebAPI\ClientApp\CitiesAngularApp\dist\out-tsc\src\app\cities\cities.component.js.map
D:\aspnetcore\Section 28 Angular and CORS\CitiesManagerSolution\CitiesManager.WebAPI\ClientApp\CitiesAngularApp\dist\out-tsc\src\app\app.routes.js
D:\aspnetcore\Section 28 Angular and CORS\CitiesManagerSolution\CitiesManager.WebAPI\ClientApp\CitiesAngularApp\dist\out-tsc\src\app\app.routes.js.map
D:\aspnetcore\Section 28 Angular and CORS\CitiesManagerSolution\CitiesManager.WebAPI\ClientApp\CitiesAngularApp\dist\out-tsc\src\app\app.config.js
D:\aspnetcore\Section 28 Angular and CORS\CitiesManagerSolution\CitiesManager.WebAPI\ClientApp\CitiesAngularApp\dist\out-tsc\src\app\app.config.js.map
D:\aspnetcore\Section 28 Angular and CORS\CitiesManagerSolution\CitiesManager.WebAPI\ClientApp\CitiesAngularApp\dist\out-tsc\src\app\app.config.server.js
D:\aspnetcore\Section 28 Angular and CORS\CitiesManagerSolution\CitiesManager.WebAPI\ClientApp\CitiesAngularApp\dist\out-tsc\src\app\app.config.server.js.map
D:\aspnetcore\Section 28 Angular and CORS\CitiesManagerSolution\CitiesManager.WebAPI\ClientApp\CitiesAngularApp\dist\out-tsc\src\main.server.js
D:\aspnetcore\Section 28 Angular and CORS\CitiesManagerSolution\CitiesManager.WebAPI\ClientApp\CitiesAngularApp\dist\out-tsc\src\main.server.js.map
D:\aspnetcore\Section 28 Angular and CORS\CitiesManagerSolution\CitiesManager.WebAPI\ClientApp\CitiesAngularApp\dist\out-tsc\server.js
D:\aspnetcore\Section 28 Angular and CORS\CitiesManagerSolution\CitiesManager.WebAPI\ClientApp\CitiesAngularApp\dist\out-tsc\server.js.map
D:\aspnetcore\Section 28 Angular and CORS\CitiesManagerSolution\CitiesManager.WebAPI\ClientApp\CitiesAngularApp\dist\out-tsc\src\main.js
D:\aspnetcore\Section 28 Angular and CORS\CitiesManagerSolution\CitiesManager.WebAPI\ClientApp\CitiesAngularApp\dist\out-tsc\src\main.js.map
D:\aspnetcore\Section 28 Angular and CORS\CitiesManagerSolution\CitiesManager.WebAPI\ClientApp\CitiesAngularApp\dist\out-tsc\src\app\app.component.spec.js
D:\aspnetcore\Section 28 Angular and CORS\CitiesManagerSolution\CitiesManager.WebAPI\ClientApp\CitiesAngularApp\dist\out-tsc\src\app\app.component.spec.js.map
D:\aspnetcore\Section 28 Angular and CORS\CitiesManagerSolution\CitiesManager.WebAPI\ClientApp\CitiesAngularApp\dist\out-tsc\src\app\cities\cities.component.spec.js
D:\aspnetcore\Section 28 Angular and CORS\CitiesManagerSolution\CitiesManager.WebAPI\ClientApp\CitiesAngularApp\dist\out-tsc\src\app\cities\cities.component.spec.js.map
D:\aspnetcore\Section 28 Angular and CORS\CitiesManagerSolution\CitiesManager.WebAPI\ClientApp\CitiesAngularApp\dist\out-tsc\src\app\directives\disable-control.directive.spec.js
D:\aspnetcore\Section 28 Angular and CORS\CitiesManagerSolution\CitiesManager.WebAPI\ClientApp\CitiesAngularApp\dist\out-tsc\src\app\directives\disable-control.directive.spec.js.map
D:\aspnetcore\Section 28 Angular and CORS\CitiesManagerSolution\CitiesManager.WebAPI\ClientApp\CitiesAngularApp\dist\out-tsc\src\app\models\city.spec.js
D:\aspnetcore\Section 28 Angular and CORS\CitiesManagerSolution\CitiesManager.WebAPI\ClientApp\CitiesAngularApp\dist\out-tsc\src\app\models\city.spec.js.map
D:\aspnetcore\Section 28 Angular and CORS\CitiesManagerSolution\CitiesManager.WebAPI\ClientApp\CitiesAngularApp\dist\out-tsc\src\app\services\cities.service.spec.js
D:\aspnetcore\Section 28 Angular and CORS\CitiesManagerSolution\CitiesManager.WebAPI\ClientApp\CitiesAngularApp\dist\out-tsc\src\app\services\cities.service.spec.js.map
